<?xml version="1.0" encoding="UTF-8"?>
<!-- Generated by org.testng.reporters.JUnitReportReporter -->
<testsuite hostname="DEVICE-X510UQR" failures="0" tests="1" name="com.herokuapp.theinternet.PositiveTests" time="27.304" errors="0" timestamp="30 Apr 2021 08:50:17 GMT" skipped="0">
  <testcase classname="com.herokuapp.theinternet.PositiveTests" name="loginTest" time="27.304"/>
</testsuite> <!-- com.herokuapp.theinternet.PositiveTests -->
