<?xml version="1.0" encoding="UTF-8"?>
<!-- Generated by org.testng.reporters.JUnitReportReporter -->
<testsuite hostname="DEVICE-X510UQR" failures="0" tests="2" name="com.herokuapp.theinternet.NegitiveTest" time="34.682" errors="0" timestamp="30 Apr 2021 07:39:14 GMT" skipped="0">
  <testcase classname="com.herokuapp.theinternet.NegitiveTest" name="incorrectPasswordTest" time="19.833"/>
  <testcase classname="com.herokuapp.theinternet.NegitiveTest" name="incorrectUsernameTest" time="14.849"/>
</testsuite> <!-- com.herokuapp.theinternet.NegitiveTest -->
