<?xml version="1.0" encoding="UTF-8"?>
<!-- Generated by org.testng.reporters.JUnitReportReporter -->
<testsuite skipped="0" hostname="DEVICE-X510UQR" name="com.herokuapp.theinternet.NegitiveTest" tests="2" failures="0" timestamp="30 Apr 2021 13:33:10 GMT" time="44.750" errors="0">
  <testcase name="incorrectUsernameTest" time="23.706" classname="com.herokuapp.theinternet.NegitiveTest"/>
  <testcase name="incorrectPasswordTest" time="21.044" classname="com.herokuapp.theinternet.NegitiveTest"/>
</testsuite> <!-- com.herokuapp.theinternet.NegitiveTest -->
